<?xml version="1.0" encoding="UTF-8"?>
<!-- Generated by org.testng.reporters.JUnitXMLReporter -->
<testsuite ignored="0" hostname="DESKTOP-C9BCRHN" failures="1" tests="1" name="Test" time="0.075" errors="0" timestamp="2023-01-14T16:47:32 IST">
  <testcase classname="com.Test.Basetest.BaseTest" name="@BeforeSuite setUp" time="0.018">
    <failure type="java.lang.NullPointerException" message="Cannot invoke &amp;quot;org.apache.poi.xssf.usermodel.XSSFWorkbook.getSheet(String)&amp;quot; because &amp;quot;com.Test.Basetest.BaseTest.wbook&amp;quot; is null">
      <![CDATA[java.lang.NullPointerException: Cannot invoke "org.apache.poi.xssf.usermodel.XSSFWorkbook.getSheet(String)" because "com.Test.Basetest.BaseTest.wbook" is null
at com.Test.Basetest.BaseTest.setUp(BaseTest.java:35)
... Removed 19 stack frames]]>
    </failure>
  </testcase> <!-- @BeforeSuite setUp -->
  <testcase classname="com.Test.PageTest.LoginTest" name="loginTest" time="0.0">
    <failure type="java.lang.RuntimeException" message="java.lang.NullPointerException: Cannot invoke &amp;quot;org.apache.poi.xssf.usermodel.XSSFSheet.getLastRowNum()&amp;quot; because &amp;quot;com.Test.Utility.ExcelReader.sheet&amp;quot; is null">
      <![CDATA[java.lang.RuntimeException: java.lang.NullPointerException: Cannot invoke "org.apache.poi.xssf.usermodel.XSSFSheet.getLastRowNum()" because "com.Test.Utility.ExcelReader.sheet" is null
at java.base/java.util.ArrayList.forEach(ArrayList.java:1511)
Caused by: java.lang.NullPointerException: Cannot invoke "org.apache.poi.xssf.usermodel.XSSFSheet.getLastRowNum()" because "com.Test.Utility.ExcelReader.sheet" is null
at com.Test.Utility.ExcelReader.getRowCount(ExcelReader.java:10)
at com.Test.Utility.ExcelReader.getAllCellContent(ExcelReader.java:24)
at com.Test.PageTest.LoginTest.getData(LoginTest.java:28)
... 25 more
... Removed 32 stack frames]]>
    </failure>
  </testcase> <!-- loginTest -->
</testsuite> <!-- Test -->
