<?xml version="1.0" encoding="UTF-8"?>
<!-- Generated by org.testng.reporters.JUnitXMLReporter -->
<testsuite ignored="0" hostname="DESKTOP-C9BCRHN" failures="0" tests="3" name="Default test" time="0.079" errors="0" timestamp="2023-01-14T15:36:48 IST">
  <testcase classname="com.Test.PageTest.LoginTest" name="loginTest" time="0.006"/>
  <testcase classname="com.Test.PageTest.LoginTest" name="loginTest" time="0.003"/>
  <testcase classname="com.Test.PageTest.LoginTest" name="loginTest" time="0.002"/>
</testsuite> <!-- Default test -->
