<?xml version="1.0" encoding="UTF-8"?>
<testng-results ignored="0" total="3" passed="3" failed="0" skipped="0">
  <reporter-output>
  </reporter-output>
  <suite started-at="2023-01-14T15:36:48 IST" name="Default suite" finished-at="2023-01-14T15:36:48 IST" duration-ms="79">
    <groups>
    </groups>
    <test started-at="2023-01-14T15:36:48 IST" name="Default test" finished-at="2023-01-14T15:36:48 IST" duration-ms="79">
      <class name="com.Test.PageTest.LoginTest">
        <test-method is-config="true" signature="setUp()[pri:0, instance:com.Test.PageTest.LoginTest@2e3967ea]" started-at="2023-01-14T15:36:42 IST" name="setUp" finished-at="2023-01-14T15:36:48 IST" duration-ms="6646" status="PASS">
          <reporter-output>
          </reporter-output>
        </test-method> <!-- setUp -->
        <test-method signature="loginTest()[pri:0, instance:com.Test.PageTest.LoginTest@2e3967ea]" started-at="2023-01-14T15:36:48 IST" name="loginTest" finished-at="2023-01-14T15:36:48 IST" duration-ms="6" status="PASS">
          <reporter-output>
          </reporter-output>
        </test-method> <!-- loginTest -->
        <test-method signature="loginTest()[pri:0, instance:com.Test.PageTest.LoginTest@2e3967ea]" started-at="2023-01-14T15:36:48 IST" name="loginTest" finished-at="2023-01-14T15:36:48 IST" duration-ms="3" status="PASS">
          <reporter-output>
          </reporter-output>
        </test-method> <!-- loginTest -->
        <test-method signature="loginTest()[pri:0, instance:com.Test.PageTest.LoginTest@2e3967ea]" started-at="2023-01-14T15:36:48 IST" name="loginTest" finished-at="2023-01-14T15:36:48 IST" duration-ms="2" status="PASS">
          <reporter-output>
          </reporter-output>
        </test-method> <!-- loginTest -->
        <test-method is-config="true" signature="tearDown()[pri:0, instance:com.Test.PageTest.LoginTest@2e3967ea]" started-at="2023-01-14T15:36:49 IST" name="tearDown" finished-at="2023-01-14T15:36:49 IST" duration-ms="279" status="PASS">
          <reporter-output>
          </reporter-output>
        </test-method> <!-- tearDown -->
      </class> <!-- com.Test.PageTest.LoginTest -->
    </test> <!-- Default test -->
  </suite> <!-- Default suite -->
</testng-results>
